"../../../../../../Users/Nandita/Documents/Unreal Projects/FPSPrototype/Content/AnimStarterPack/UE4_Mannequin/Mesh/UE4_Mannequin_Skeleton.uasset" 0
"../../../../../../Users/Nandita/Documents/Unreal Projects/FPSPrototype/Content/AnimStarterPack/Aim_Space_Hip.uasset" 1
"../../../../../../Users/Nandita/Documents/Unreal Projects/FPSPrototype/Content/AnimStarterPack/Aim_Space_Ironsights.uasset" 2
"../../../../../../Users/Nandita/Documents/Unreal Projects/FPSPrototype/Content/AnimStarterPack/Crouch_to_Stand_Rifle_Hip.uasset" 3
"../../../../../../Users/Nandita/Documents/Unreal Projects/FPSPrototype/Content/AnimStarterPack/Crouch_to_Stand_Rifle_Ironsights.uasset" 4
"../../../../../../Users/Nandita/Documents/Unreal Projects/FPSPrototype/Content/AnimStarterPack/Crouch_Walk_Bwd_Rifle_Ironsights.uasset" 5
"../../../../../../Users/Nandita/Documents/Unreal Projects/FPSPrototype/Content/AnimStarterPack/Crouch_Walk_Lt_Rifle_Ironsights.uasset" 6
"../../../../../../Users/Nandita/Documents/Unreal Projects/FPSPrototype/Content/AnimStarterPack/Crouch_Walk_Rt_Rifle_Ironsights.uasset" 7
"../../../../../../Users/Nandita/Documents/Unreal Projects/FPSPrototype/Content/AnimStarterPack/Death_1.uasset" 8
"../../../../../../Users/Nandita/Documents/Unreal Projects/FPSPrototype/Content/AnimStarterPack/Death_2.uasset" 9
"../../../../../../Users/Nandita/Documents/Unreal Projects/FPSPrototype/Content/AnimStarterPack/Death_3.uasset" 10
"../../../../../../Users/Nandita/Documents/Unreal Projects/FPSPrototype/Content/AnimStarterPack/Death_Ironsights_1.uasset" 11
"../../../../../../Users/Nandita/Documents/Unreal Projects/FPSPrototype/Content/AnimStarterPack/Death_Ironsights_2.uasset" 12
"../../../../../../Users/Nandita/Documents/Unreal Projects/FPSPrototype/Content/AnimStarterPack/Equip_Rifle_Standing.uasset" 13
"../../../../../../Users/Nandita/Documents/Unreal Projects/FPSPrototype/Content/AnimStarterPack/Fire_Shotgun_Hip.uasset" 14
"../../../../../../Users/Nandita/Documents/Unreal Projects/FPSPrototype/Content/AnimStarterPack/Fire_Shotgun_Ironsights.uasset" 15
"../../../../../../Users/Nandita/Documents/Unreal Projects/FPSPrototype/Content/AnimStarterPack/Hit_React_4.uasset" 16
"../../../../../../Users/Nandita/Documents/Unreal Projects/FPSPrototype/Content/AnimStarterPack/Idle_Pistol.uasset" 17
"../../../../../../Users/Nandita/Documents/Unreal Projects/FPSPrototype/Content/AnimStarterPack/Idle_Rifle_Ironsights.uasset" 18
"../../../../../../Users/Nandita/Documents/Unreal Projects/FPSPrototype/Content/AnimStarterPack/Jump_From_Stand_Ironsights.uasset" 19
"../../../../../../Users/Nandita/Documents/Unreal Projects/FPSPrototype/Content/AnimStarterPack/Prone_Death_1.uasset" 20
"../../../../../../Users/Nandita/Documents/Unreal Projects/FPSPrototype/Content/AnimStarterPack/Prone_Death_2.uasset" 21
"../../../../../../Users/Nandita/Documents/Unreal Projects/FPSPrototype/Content/AnimStarterPack/Prone_Fire_1.uasset" 22
"../../../../../../Users/Nandita/Documents/Unreal Projects/FPSPrototype/Content/AnimStarterPack/Prone_Fire_2.uasset" 23
"../../../../../../Users/Nandita/Documents/Unreal Projects/FPSPrototype/Content/AnimStarterPack/Prone_Idle.uasset" 24
"../../../../../../Users/Nandita/Documents/Unreal Projects/FPSPrototype/Content/AnimStarterPack/Prone_Reload_Rifle.uasset" 25
"../../../../../../Users/Nandita/Documents/Unreal Projects/FPSPrototype/Content/AnimStarterPack/Prone_Reload_Shotgun.uasset" 26
"../../../../../../Users/Nandita/Documents/Unreal Projects/FPSPrototype/Content/AnimStarterPack/Prone_To_Stand.uasset" 27
"../../../../../../Users/Nandita/Documents/Unreal Projects/FPSPrototype/Content/AnimStarterPack/Reload_Pistol.uasset" 28
"../../../../../../Users/Nandita/Documents/Unreal Projects/FPSPrototype/Content/AnimStarterPack/Reload_Rifle_Ironsights.uasset" 29
"../../../../../../Users/Nandita/Documents/Unreal Projects/FPSPrototype/Content/AnimStarterPack/Reload_Shotgun_Hip.uasset" 30
"../../../../../../Users/Nandita/Documents/Unreal Projects/FPSPrototype/Content/AnimStarterPack/Reload_Shotgun_Ironsights.uasset" 31
"../../../../../../Users/Nandita/Documents/Unreal Projects/FPSPrototype/Content/AnimStarterPack/Sprint_Fwd_Rifle.uasset" 32
"../../../../../../Users/Nandita/Documents/Unreal Projects/FPSPrototype/Content/AnimStarterPack/Stand_to_Crouch_Rifle_Hip.uasset" 33
"../../../../../../Users/Nandita/Documents/Unreal Projects/FPSPrototype/Content/AnimStarterPack/Stand_to_Crouch_Rifle_Ironsights.uasset" 34
"../../../../../../Users/Nandita/Documents/Unreal Projects/FPSPrototype/Content/AnimStarterPack/Stand_To_Prone.uasset" 35
"../../../../../../Users/Nandita/Documents/Unreal Projects/FPSPrototype/Content/AnimStarterPack/Walk_Bwd_Rifle_Ironsights.uasset" 36
"../../../../../../Users/Nandita/Documents/Unreal Projects/FPSPrototype/Content/AnimStarterPack/Walk_Lt_Rifle_Ironsights.uasset" 37
"../../../../../../Users/Nandita/Documents/Unreal Projects/FPSPrototype/Content/AnimStarterPack/Walk_Rt_Rifle_Ironsights.uasset" 38
"../../../../../../Users/Nandita/Documents/Unreal Projects/FPSPrototype/Content/FirstPerson/Character/Mesh/SK_Mannequin_Arms_Skeleton.uasset" 39
"../../../../../../Users/Nandita/Documents/Unreal Projects/FPSPrototype/Content/FirstPerson/Animations/FirstPerson_Idle.uasset" 40
"../../../../../../Users/Nandita/Documents/Unreal Projects/FPSPrototype/Content/FirstPerson/Animations/FirstPerson_JumpEnd.uasset" 41
"../../../../../../Users/Nandita/Documents/Unreal Projects/FPSPrototype/Content/FirstPerson/Animations/FirstPerson_JumpLoop.uasset" 42
"../../../../../../Users/Nandita/Documents/Unreal Projects/FPSPrototype/Content/FirstPerson/Animations/FirstPerson_JumpStart.uasset" 43
"../../../../../../Users/Nandita/Documents/Unreal Projects/FPSPrototype/Content/FirstPerson/Animations/FirstPerson_Run.uasset" 44
"../../../Engine/Content/EditorBlueprintResources/StandardMacros.uasset" 45
"../../../../../../Users/Nandita/Documents/Unreal Projects/FPSPrototype/Content/FirstPerson/Animations/FirstPerson_AnimBP.uasset" 46
"../../../../../../Users/Nandita/Documents/Unreal Projects/FPSPrototype/Content/FirstPerson/Character/Mesh/FirstPersonAnimBlueprint_Copy.uasset" 47
"../../../../../../Users/Nandita/Documents/Unreal Projects/FPSPrototype/Content/FirstPerson/Character/Textures/UE4_LOGO_CARD.uasset" 48
"../../../../../../Users/Nandita/Documents/Unreal Projects/FPSPrototype/Content/FirstPerson/FPWeapon/Materials/MaterialLayers/ML_Plastic_Shiny_Beige_LOGO.uasset" 49
"../../../../../../Users/Nandita/Documents/Unreal Projects/FPSPrototype/Content/FirstPerson/FPWeapon/Materials/MaterialLayers/T_ML_FineRubber.uasset" 50
"../../../../../../Users/Nandita/Documents/Unreal Projects/FPSPrototype/Content/FirstPerson/FPWeapon/Mesh/SK_FPGun_PhysicsAsset.uasset" 51
"../../../../../../Users/Nandita/Documents/Unreal Projects/FPSPrototype/Content/FirstPersonBP/FirstPersonOverview.uasset" 52
"../../../../../../Users/Nandita/Documents/Unreal Projects/FPSPrototype/Content/FirstPerson/Animations/FirstPerson_Fire.uasset" 53
"../../../../../../Users/Nandita/Documents/Unreal Projects/FPSPrototype/Content/FirstPerson/Animations/FirstPersonFire_Montage.uasset" 54
"../../../../../../Users/Nandita/Documents/Unreal Projects/FPSPrototype/Content/AnimStarterPack/Crouch_Idle_Rifle_Hip.uasset" 55
"../../../../../../Users/Nandita/Documents/Unreal Projects/FPSPrototype/Content/AnimStarterPack/Idle_Rifle_Hip.uasset" 56
"../../../../../../Users/Nandita/Documents/Unreal Projects/FPSPrototype/Content/AnimStarterPack/Jump_From_Jog.uasset" 57
"../../../../../../Users/Nandita/Documents/Unreal Projects/FPSPrototype/Content/AnimStarterPack/Jump_From_Stand.uasset" 58
"../../../../../../Users/Nandita/Documents/Unreal Projects/FPSPrototype/Content/AnimStarterPack/Crouch_Walk_Bwd_Rifle_Hip.uasset" 59
"../../../../../../Users/Nandita/Documents/Unreal Projects/FPSPrototype/Content/AnimStarterPack/Crouch_Walk_Fwd_Rifle_Hip.uasset" 60
"../../../../../../Users/Nandita/Documents/Unreal Projects/FPSPrototype/Content/AnimStarterPack/Crouch_Walk_Lt_Rifle_Hip.uasset" 61
"../../../../../../Users/Nandita/Documents/Unreal Projects/FPSPrototype/Content/AnimStarterPack/Crouch_Walk_Rt_Rifle_Hip.uasset" 62
"../../../../../../Users/Nandita/Documents/Unreal Projects/FPSPrototype/Content/AnimStarterPack/BS_CrouchWalk.uasset" 63
"../../../../../../Users/Nandita/Documents/Unreal Projects/FPSPrototype/Content/AnimStarterPack/Jog_Bwd_Rifle.uasset" 64
"../../../../../../Users/Nandita/Documents/Unreal Projects/FPSPrototype/Content/AnimStarterPack/Jog_Fwd_Rifle.uasset" 65
"../../../../../../Users/Nandita/Documents/Unreal Projects/FPSPrototype/Content/AnimStarterPack/Jog_Lt_Rifle.uasset" 66
"../../../../../../Users/Nandita/Documents/Unreal Projects/FPSPrototype/Content/AnimStarterPack/Jog_Rt_Rifle.uasset" 67
"../../../../../../Users/Nandita/Documents/Unreal Projects/FPSPrototype/Content/AnimStarterPack/BS_Jog.uasset" 68
"../../../Engine/Content/Functions/Engine_MaterialFunctions02/Utility/BlendAngleCorrectedNormals.uasset" 69
"../../../Engine/Content/Functions/MaterialLayerFunctions/MatLayerBlend_AO.uasset" 70
"../../../Engine/Content/Functions/MaterialLayerFunctions/MatLayerBlend_NormalBlend.uasset" 71
"../../../Engine/Content/Functions/MaterialLayerFunctions/MatLayerBlend_Simple.uasset" 72
"../../../../../../Users/Nandita/Documents/Unreal Projects/FPSPrototype/Content/AnimStarterPack/UE4_Mannequin/Materials/MaterialLayers/T_ML_Rubber_Blue_01_D.uasset" 73
"../../../../../../Users/Nandita/Documents/Unreal Projects/FPSPrototype/Content/AnimStarterPack/UE4_Mannequin/Materials/MaterialLayers/T_ML_Rubber_Blue_01_N.uasset" 74
"../../../../../../Users/Nandita/Documents/Unreal Projects/FPSPrototype/Content/AnimStarterPack/UE4_Mannequin/Materials/MaterialLayers/ML_GlossyBlack_Latex_UE4.uasset" 75
"../../../../../../Users/Nandita/Documents/Unreal Projects/FPSPrototype/Content/AnimStarterPack/UE4_Mannequin/Materials/MaterialLayers/ML_Plastic_Shiny_Beige.uasset" 76
"../../../../../../Users/Nandita/Documents/Unreal Projects/FPSPrototype/Content/AnimStarterPack/UE4_Mannequin/Textures/UE4_LOGO_CARD.uasset" 77
"../../../../../../Users/Nandita/Documents/Unreal Projects/FPSPrototype/Content/AnimStarterPack/UE4_Mannequin/Materials/MaterialLayers/ML_Plastic_Shiny_Beige_LOGO.uasset" 78
"../../../../../../Users/Nandita/Documents/Unreal Projects/FPSPrototype/Content/AnimStarterPack/UE4_Mannequin/Materials/MaterialLayers/T_ML_Aluminum01.uasset" 79
"../../../../../../Users/Nandita/Documents/Unreal Projects/FPSPrototype/Content/AnimStarterPack/UE4_Mannequin/Materials/MaterialLayers/T_ML_Aluminum01_N.uasset" 80
"../../../../../../Users/Nandita/Documents/Unreal Projects/FPSPrototype/Content/AnimStarterPack/UE4_Mannequin/Materials/MaterialLayers/ML_SoftMetal_UE4.uasset" 81
"../../../../../../Users/Nandita/Documents/Unreal Projects/FPSPrototype/Content/AnimStarterPack/UE4_Mannequin/Textures/UE4_Mannequin__normals.uasset" 82
"../../../../../../Users/Nandita/Documents/Unreal Projects/FPSPrototype/Content/AnimStarterPack/UE4_Mannequin/Textures/UE4_Mannequin_MAT_MASKA.uasset" 83
"../../../../../../Users/Nandita/Documents/Unreal Projects/FPSPrototype/Content/AnimStarterPack/UE4_Mannequin/Textures/UE4_Mannequin_occlusion_Mobile.uasset" 84
"../../../../../../Users/Nandita/Documents/Unreal Projects/FPSPrototype/Content/AnimStarterPack/UE4_Mannequin/Materials/M_UE4Man_Body.uasset" 85
"../../../../../../Users/Nandita/Documents/Unreal Projects/FPSPrototype/Content/AnimStarterPack/UE4_Mannequin/Textures/UE4Man_Logo_N.uasset" 86
"../../../../../../Users/Nandita/Documents/Unreal Projects/FPSPrototype/Content/AnimStarterPack/UE4_Mannequin/Materials/M_UE4Man_ChestLogo.uasset" 87
"../../../../../../Users/Nandita/Documents/Unreal Projects/FPSPrototype/Content/AnimStarterPack/UE4_Mannequin/Mesh/SK_Mannequin_PhysicsAsset.uasset" 88
"../../../../../../Users/Nandita/Documents/Unreal Projects/FPSPrototype/Content/AnimStarterPack/UE4_Mannequin/Mesh/SK_Mannequin.uasset" 89
"../../../../../../Users/Nandita/Documents/Unreal Projects/FPSPrototype/Content/AnimStarterPack/Ue4ASP_Character.uasset" 90
"../../../../../../Users/Nandita/Documents/Unreal Projects/FPSPrototype/Content/AnimStarterPack/UE4ASP_HeroTPP_AnimBlueprint.uasset" 91
"../../../../../../Users/Nandita/Documents/Unreal Projects/FPSPrototype/Content/AnimStarterPack/Fire_Rifle_Hip.uasset" 92
"../../../../../../Users/Nandita/Documents/Unreal Projects/FPSPrototype/Content/AnimStarterPack/Fire_Rifle_Hip_Montage.uasset" 93
"../../../../../../Users/Nandita/Documents/Unreal Projects/FPSPrototype/Content/FirstPerson/Audio/FirstPersonTemplateWeaponFire02.uasset" 94
"../../../../../../Users/Nandita/Documents/Unreal Projects/FPSPrototype/Content/FirstPerson/Character/Materials/MaterialLayers/T_ML_Rubber_Blue_01_D.uasset" 95
"../../../../../../Users/Nandita/Documents/Unreal Projects/FPSPrototype/Content/FirstPerson/Character/Materials/MaterialLayers/T_ML_Rubber_Blue_01_N.uasset" 96
"../../../../../../Users/Nandita/Documents/Unreal Projects/FPSPrototype/Content/FirstPerson/Character/Materials/MaterialLayers/ML_GlossyBlack_Latex_UE4.uasset" 97
"../../../../../../Users/Nandita/Documents/Unreal Projects/FPSPrototype/Content/FirstPerson/Character/Materials/MaterialLayers/ML_Plastic_Shiny_Beige.uasset" 98
"../../../../../../Users/Nandita/Documents/Unreal Projects/FPSPrototype/Content/FirstPerson/Character/Materials/MaterialLayers/ML_Plastic_Shiny_Beige_LOGO.uasset" 99
"../../../../../../Users/Nandita/Documents/Unreal Projects/FPSPrototype/Content/FirstPerson/Character/Materials/MaterialLayers/T_ML_Aluminum01.uasset" 100
"../../../../../../Users/Nandita/Documents/Unreal Projects/FPSPrototype/Content/FirstPerson/Character/Materials/MaterialLayers/T_ML_Aluminum01_N.uasset" 101
"../../../../../../Users/Nandita/Documents/Unreal Projects/FPSPrototype/Content/FirstPerson/Character/Materials/MaterialLayers/ML_SoftMetal_UE4.uasset" 102
"../../../../../../Users/Nandita/Documents/Unreal Projects/FPSPrototype/Content/FirstPerson/Character/Textures/UE4_Mannequin__normals.uasset" 103
"../../../../../../Users/Nandita/Documents/Unreal Projects/FPSPrototype/Content/FirstPerson/Character/Textures/UE4_Mannequin_MAT_MASKA.uasset" 104
"../../../../../../Users/Nandita/Documents/Unreal Projects/FPSPrototype/Content/FirstPerson/Character/Materials/M_UE4Man_Body.uasset" 105
"../../../../../../Users/Nandita/Documents/Unreal Projects/FPSPrototype/Content/FirstPerson/Character/Mesh/SK_Mannequin_Arms_PhysicsAsset.uasset" 106
"../../../../../../Users/Nandita/Documents/Unreal Projects/FPSPrototype/Content/FirstPerson/Character/Mesh/SK_Mannequin_Arms.uasset" 107
"../../../../../../Users/Nandita/Documents/Unreal Projects/FPSPrototype/Content/FirstPerson/FPWeapon/Materials/MaterialLayers/T_ML_Rubber_Blue_01_D.uasset" 108
"../../../../../../Users/Nandita/Documents/Unreal Projects/FPSPrototype/Content/FirstPerson/FPWeapon/Materials/MaterialLayers/T_ML_Rubber_Blue_01_N.uasset" 109
"../../../../../../Users/Nandita/Documents/Unreal Projects/FPSPrototype/Content/FirstPerson/FPWeapon/Materials/MaterialLayers/ML_GlossyBlack_Latex_UE4.uasset" 110
"../../../../../../Users/Nandita/Documents/Unreal Projects/FPSPrototype/Content/FirstPerson/FPWeapon/Materials/MaterialLayers/ML_Plastic_Shiny_Beige.uasset" 111
"../../../../../../Users/Nandita/Documents/Unreal Projects/FPSPrototype/Content/FirstPerson/FPWeapon/Materials/MaterialLayers/ML_Screen.uasset" 112
"../../../../../../Users/Nandita/Documents/Unreal Projects/FPSPrototype/Content/FirstPerson/FPWeapon/Materials/MaterialLayers/T_ML_Aluminum01.uasset" 113
"../../../../../../Users/Nandita/Documents/Unreal Projects/FPSPrototype/Content/FirstPerson/FPWeapon/Materials/MaterialLayers/T_ML_Aluminum01_N.uasset" 114
"../../../../../../Users/Nandita/Documents/Unreal Projects/FPSPrototype/Content/FirstPerson/FPWeapon/Materials/MaterialLayers/ML_SoftMetal_UE4.uasset" 115
"../../../../../../Users/Nandita/Documents/Unreal Projects/FPSPrototype/Content/FirstPerson/FPWeapon/Textures/T_FPGun_M.uasset" 116
"../../../../../../Users/Nandita/Documents/Unreal Projects/FPSPrototype/Content/FirstPerson/FPWeapon/Textures/T_FPGun_N.uasset" 117
"../../../../../../Users/Nandita/Documents/Unreal Projects/FPSPrototype/Content/FirstPerson/FPWeapon/Materials/M_FPGun.uasset" 118
"../../../../../../Users/Nandita/Documents/Unreal Projects/FPSPrototype/Content/FirstPerson/FPWeapon/Mesh/SK_FPGun_Skeleton.uasset" 119
"../../../../../../Users/Nandita/Documents/Unreal Projects/FPSPrototype/Content/FirstPerson/FPWeapon/Mesh/SK_FPGun.uasset" 120
"../../../../../../Users/Nandita/Documents/Unreal Projects/FPSPrototype/Content/FirstPerson/Textures/FirstPersonCrosshair.uasset" 121
"../../../../../../Users/Nandita/Documents/Unreal Projects/FPSPrototype/Content/FPSGame/Player/FPSHUD.uasset" 122
"../../../../../../Users/Nandita/Documents/Unreal Projects/FPSPrototype/Content/FPSGame/Player/FPSGameMode.uasset" 123
"../../../../../../Users/Nandita/Documents/Unreal Projects/FPSPrototype/Content/StarterContent/Textures/T_Metal_Gold_D.uasset" 124
"../../../../../../Users/Nandita/Documents/Unreal Projects/FPSPrototype/Content/StarterContent/Textures/T_Metal_Gold_N.uasset" 125
"../../../../../../Users/Nandita/Documents/Unreal Projects/FPSPrototype/Content/FPSGame/UI/PlayerHUD.uasset" 126
"../../../../../../Users/Nandita/Documents/Unreal Projects/FPSPrototype/Content/FPSGame/UI/Textures/scope.uasset" 127
"../../../../../../Users/Nandita/Documents/Unreal Projects/FPSPrototype/Content/FPSGame/UI/ScopeUI.uasset" 128
"../../../../../../Users/Nandita/Documents/Unreal Projects/FPSPrototype/Content/FPSGame/Player/Player.uasset" 129
"../../../../../../Users/Nandita/Documents/Unreal Projects/FPSPrototype/Content/FirstPerson/Meshes/BaseMaterial.uasset" 130
"../../../../../../Users/Nandita/Documents/Unreal Projects/FPSPrototype/Content/FirstPerson/Meshes/FirstPersonProjectileMaterial.uasset" 131
"../../../../../../Users/Nandita/Documents/Unreal Projects/FPSPrototype/Content/FirstPerson/Meshes/FirstPersonProjectileMesh.uasset" 132
"../../../../../../Users/Nandita/Documents/Unreal Projects/FPSPrototype/Content/FPSGame/Player/BulletProjectile.uasset" 133
"../../../../../../Users/Nandita/Documents/Unreal Projects/FPSPrototype/Content/FPSGame/AI/AI_Bot.uasset" 134
"../../../../../../Users/Nandita/Documents/Unreal Projects/FPSPrototype/Content/FirstPersonBP/Blueprints/FirstPersonProjectile.uasset" 135
"../../../../../../Users/Nandita/Documents/Unreal Projects/FPSPrototype/Content/FirstPersonBP/Blueprints/FirstPersonCharacter.uasset" 136
"../../../../../../Users/Nandita/Documents/Unreal Projects/FPSPrototype/Content/FirstPersonBP/Blueprints/FirstPersonHUD.uasset" 137
"../../../../../../Users/Nandita/Documents/Unreal Projects/FPSPrototype/Content/FirstPersonBP/Blueprints/FirstPersonGameMode.uasset" 138
"../../../../../../Users/Nandita/Documents/Unreal Projects/FPSPrototype/Content/FPSGame/UI/Textures/scope_Mat.uasset" 139
"../../../../../../Users/Nandita/Documents/Unreal Projects/FPSPrototype/Content/Geometry/Meshes/CubeMaterial.uasset" 140
"../../../../../../Users/Nandita/Documents/Unreal Projects/FPSPrototype/Content/Geometry/Meshes/1M_Cube_Chamfer.uasset" 141
"../../../../../../Users/Nandita/Documents/Unreal Projects/FPSPrototype/Content/Geometry/Meshes/TemplateFloor.uasset" 142
"../../../../../../Users/Nandita/Documents/Unreal Projects/FPSPrototype/Content/StarterContent/Materials/M_Basic_Wall.uasset" 143
"../../../../../../Users/Nandita/Documents/Unreal Projects/FPSPrototype/Content/StarterContent/Architecture/Pillar_50x500.uasset" 144
"../../../../../../Users/Nandita/Documents/Unreal Projects/FPSPrototype/Content/StarterContent/Architecture/Wall_400x300.uasset" 145
"../../../../../../Users/Nandita/Documents/Unreal Projects/FPSPrototype/Content/StarterContent/Architecture/Wall_400x400.uasset" 146
"../../../../../../Users/Nandita/Documents/Unreal Projects/FPSPrototype/Content/StarterContent/Architecture/Wall_500x500.uasset" 147
"../../../../../../Users/Nandita/Documents/Unreal Projects/FPSPrototype/Content/StarterContent/Architecture/Wall_Door_400x400.uasset" 148
"../../../../../../Users/Nandita/Documents/Unreal Projects/FPSPrototype/Content/StarterContent/Architecture/Wall_Window_400x400.uasset" 149
"../../../../../../Users/Nandita/Documents/Unreal Projects/FPSPrototype/Content/StarterContent/Audio/Collapse01.uasset" 150
"../../../../../../Users/Nandita/Documents/Unreal Projects/FPSPrototype/Content/StarterContent/Audio/Collapse02.uasset" 151
"../../../../../../Users/Nandita/Documents/Unreal Projects/FPSPrototype/Content/StarterContent/Audio/Explosion01.uasset" 152
"../../../../../../Users/Nandita/Documents/Unreal Projects/FPSPrototype/Content/StarterContent/Audio/Explosion02.uasset" 153
"../../../../../../Users/Nandita/Documents/Unreal Projects/FPSPrototype/Content/StarterContent/Audio/Fire01.uasset" 154
"../../../../../../Users/Nandita/Documents/Unreal Projects/FPSPrototype/Content/StarterContent/Audio/Fire_Sparks01.uasset" 155
"../../../../../../Users/Nandita/Documents/Unreal Projects/FPSPrototype/Content/StarterContent/Audio/Light01.uasset" 156
"../../../../../../Users/Nandita/Documents/Unreal Projects/FPSPrototype/Content/StarterContent/Audio/Light01_Cue.uasset" 157
"../../../../../../Users/Nandita/Documents/Unreal Projects/FPSPrototype/Content/StarterContent/Audio/Light02.uasset" 158
"../../../../../../Users/Nandita/Documents/Unreal Projects/FPSPrototype/Content/StarterContent/Audio/Light02_Cue.uasset" 159
"../../../../../../Users/Nandita/Documents/Unreal Projects/FPSPrototype/Content/StarterContent/Audio/Smoke01.uasset" 160
"../../../../../../Users/Nandita/Documents/Unreal Projects/FPSPrototype/Content/StarterContent/Audio/Starter_Birds01.uasset" 161
"../../../../../../Users/Nandita/Documents/Unreal Projects/FPSPrototype/Content/StarterContent/Audio/Starter_Music01.uasset" 162
"../../../../../../Users/Nandita/Documents/Unreal Projects/FPSPrototype/Content/StarterContent/Audio/Starter_Wind05.uasset" 163
"../../../../../../Users/Nandita/Documents/Unreal Projects/FPSPrototype/Content/StarterContent/Audio/Starter_Wind06.uasset" 164
"../../../../../../Users/Nandita/Documents/Unreal Projects/FPSPrototype/Content/StarterContent/Audio/Steam01.uasset" 165
"../../../../../../Users/Nandita/Documents/Unreal Projects/FPSPrototype/Content/StarterContent/Audio/Explosion_Cue.uasset" 166
"../../../../../../Users/Nandita/Documents/Unreal Projects/FPSPrototype/Content/StarterContent/Textures/T_Burst_M.uasset" 167
"../../../../../../Users/Nandita/Documents/Unreal Projects/FPSPrototype/Content/StarterContent/Particles/Materials/M_Burst.uasset" 168
"../../../../../../Users/Nandita/Documents/Unreal Projects/FPSPrototype/Content/StarterContent/Textures/T_Explosion_SubUV.uasset" 169
"../../../../../../Users/Nandita/Documents/Unreal Projects/FPSPrototype/Content/StarterContent/Particles/Materials/M_explosion_subUV.uasset" 170
"../../../../../../Users/Nandita/Documents/Unreal Projects/FPSPrototype/Content/StarterContent/Particles/Materials/m_flare_01.uasset" 171
"../../../Engine/Content/Functions/Engine_MaterialFunctions01/Gradient/RadialGradient.uasset" 172
"../../../../../../Users/Nandita/Documents/Unreal Projects/FPSPrototype/Content/StarterContent/Particles/Materials/M_radial_ramp.uasset" 173
"../../../../../../Users/Nandita/Documents/Unreal Projects/FPSPrototype/Content/StarterContent/Textures/T_Smoke_SubUV.uasset" 174
"../../../../../../Users/Nandita/Documents/Unreal Projects/FPSPrototype/Content/StarterContent/Textures/T_Smoke_Tiled_D.uasset" 175
"../../../../../../Users/Nandita/Documents/Unreal Projects/FPSPrototype/Content/StarterContent/Particles/Materials/M_smoke_subUV.uasset" 176
"../../../../../../Users/Nandita/Documents/Unreal Projects/FPSPrototype/Content/StarterContent/Particles/P_Explosion.uasset" 177
"../../../../../../Users/Nandita/Documents/Unreal Projects/FPSPrototype/Content/StarterContent/Blueprints/Blueprint_Effect_Explosion.uasset" 178
"../../../Engine/Content/EditorMeshes/ColorCalibrator/T_ColorGrid.uasset" 179
"../../../../../../Users/Nandita/Documents/Unreal Projects/FPSPrototype/Content/StarterContent/Materials/M_ColorGrid_LowSpec.uasset" 180
"../../../../../../Users/Nandita/Documents/Unreal Projects/FPSPrototype/Content/StarterContent/Textures/T_Bush_D.uasset" 181
"../../../../../../Users/Nandita/Documents/Unreal Projects/FPSPrototype/Content/StarterContent/Textures/T_Bush_N.uasset" 182
"../../../../../../Users/Nandita/Documents/Unreal Projects/FPSPrototype/Content/StarterContent/Props/Materials/M_Bush.uasset" 183
"../../../../../../Users/Nandita/Documents/Unreal Projects/FPSPrototype/Content/StarterContent/Props/SM_Bush.uasset" 184
"../../../../../../Users/Nandita/Documents/Unreal Projects/FPSPrototype/Content/StarterContent/Textures/T_Chair_M.uasset" 185
"../../../../../../Users/Nandita/Documents/Unreal Projects/FPSPrototype/Content/StarterContent/Textures/T_Chair_N.uasset" 186
"../../../../../../Users/Nandita/Documents/Unreal Projects/FPSPrototype/Content/StarterContent/Props/Materials/M_Chair.uasset" 187
"../../../../../../Users/Nandita/Documents/Unreal Projects/FPSPrototype/Content/StarterContent/Props/SM_Couch.uasset" 188
"../../../../../../Users/Nandita/Documents/Unreal Projects/FPSPrototype/Content/StarterContent/Materials/M_Glass.uasset" 189
"../../../../../../Users/Nandita/Documents/Unreal Projects/FPSPrototype/Content/StarterContent/Textures/T_Door_M.uasset" 190
"../../../../../../Users/Nandita/Documents/Unreal Projects/FPSPrototype/Content/StarterContent/Textures/T_Door_N.uasset" 191
"../../../../../../Users/Nandita/Documents/Unreal Projects/FPSPrototype/Content/StarterContent/Props/Materials/M_Door.uasset" 192
"../../../../../../Users/Nandita/Documents/Unreal Projects/FPSPrototype/Content/StarterContent/Props/SM_Door.uasset" 193
"../../../../../../Users/Nandita/Documents/Unreal Projects/FPSPrototype/Content/StarterContent/Props/Materials/M_MaterialSphere.uasset" 194
"../../../../../../Users/Nandita/Documents/Unreal Projects/FPSPrototype/Content/StarterContent/Props/Materials/M_MaterialSphere_Plain.uasset" 195
"../../../../../../Users/Nandita/Documents/Unreal Projects/FPSPrototype/Content/StarterContent/Props/SM_MatPreviewMesh_02.uasset" 196
"../../../../../../Users/Nandita/Documents/Unreal Projects/FPSPrototype/Content/StarterContent/Textures/T_Detail_Rocky_N.uasset" 197
"../../../../../../Users/Nandita/Documents/Unreal Projects/FPSPrototype/Content/StarterContent/Textures/T_Rock_Basalt_D.uasset" 198
"../../../../../../Users/Nandita/Documents/Unreal Projects/FPSPrototype/Content/StarterContent/Textures/T_RockMesh_M.uasset" 199
"../../../../../../Users/Nandita/Documents/Unreal Projects/FPSPrototype/Content/StarterContent/Textures/T_RockMesh_N.uasset" 200
"../../../../../../Users/Nandita/Documents/Unreal Projects/FPSPrototype/Content/StarterContent/Props/Materials/M_Rock.uasset" 201
"../../../../../../Users/Nandita/Documents/Unreal Projects/FPSPrototype/Content/StarterContent/Props/SM_Rock.uasset" 202
"../../../../../../Users/Nandita/Documents/Unreal Projects/FPSPrototype/Content/StarterContent/Textures/T_Shelf_M.uasset" 203
"../../../../../../Users/Nandita/Documents/Unreal Projects/FPSPrototype/Content/StarterContent/Textures/T_Shelf_N.uasset" 204
"../../../../../../Users/Nandita/Documents/Unreal Projects/FPSPrototype/Content/StarterContent/Props/Materials/M_Shelf.uasset" 205
"../../../../../../Users/Nandita/Documents/Unreal Projects/FPSPrototype/Content/StarterContent/Props/SM_Shelf.uasset" 206
"../../../../../../Users/Nandita/Documents/Unreal Projects/FPSPrototype/Content/StarterContent/Materials/M_Basic_Floor.uasset" 207
"../../../../../../Users/Nandita/Documents/Unreal Projects/FPSPrototype/Content/StarterContent/Props/SM_Stairs.uasset" 208
"../../../../../../Users/Nandita/Documents/Unreal Projects/FPSPrototype/Content/StarterContent/Shapes/Shape_Cone.uasset" 209
"../../../../../../Users/Nandita/Documents/Unreal Projects/FPSPrototype/Content/StarterContent/Shapes/Shape_Cylinder.uasset" 210
"../../../../../../Users/Nandita/Documents/Unreal Projects/FPSPrototype/Content/StarterContent/Shapes/Shape_NarrowCapsule.uasset" 211
"../../../../../../Users/Nandita/Documents/Unreal Projects/FPSPrototype/Content/StarterContent/Shapes/Shape_Pipe.uasset" 212
"../../../../../../Users/Nandita/Documents/Unreal Projects/FPSPrototype/Content/StarterContent/Shapes/Shape_Pipe_180.uasset" 213
"../../../../../../Users/Nandita/Documents/Unreal Projects/FPSPrototype/Content/StarterContent/Shapes/Shape_Pipe_90.uasset" 214
"../../../../../../Users/Nandita/Documents/Unreal Projects/FPSPrototype/Content/StarterContent/Shapes/Shape_Plane.uasset" 215
"../../../../../../Users/Nandita/Documents/Unreal Projects/FPSPrototype/Content/StarterContent/Shapes/Shape_Torus.uasset" 216
"../../../../../../Users/Nandita/Documents/Unreal Projects/FPSPrototype/Content/StarterContent/Shapes/Shape_Trim.uasset" 217
"../../../../../../Users/Nandita/Documents/Unreal Projects/FPSPrototype/Content/StarterContent/Shapes/Shape_Trim_90_In.uasset" 218
"../../../../../../Users/Nandita/Documents/Unreal Projects/FPSPrototype/Content/StarterContent/Shapes/Shape_Trim_90_Out.uasset" 219
"../../../../../../Users/Nandita/Documents/Unreal Projects/FPSPrototype/Content/StarterContent/Shapes/Shape_TriPyramid.uasset" 220
"../../../../../../Users/Nandita/Documents/Unreal Projects/FPSPrototype/Content/StarterContent/Shapes/Shape_Tube.uasset" 221
"../../../../../../Users/Nandita/Documents/Unreal Projects/FPSPrototype/Content/StarterContent/Shapes/Shape_Wedge_A.uasset" 222
"../../../../../../Users/Nandita/Documents/Unreal Projects/FPSPrototype/Content/StarterContent/Shapes/Shape_Wedge_B.uasset" 223
"../../../../../../Users/Nandita/Documents/Unreal Projects/FPSPrototype/Content/StarterContent/Shapes/Shape_WideCapsule.uasset" 224
"../../../Engine/Content/Animation/DefaultAnimBoneCompressionSettings.uasset" 225
"../../../Engine/Content/Animation/DefaultAnimCurveCompressionSettings.uasset" 226
"../../../Engine/Content/Functions/Engine_MaterialFunctions01/Opacity/CameraDepthFade.uasset" 227
"../../../Engine/Content/EngineMaterials/T_Default_Material_Grid_M.uasset" 228
"../../../Engine/Content/EngineMaterials/T_Default_Material_Grid_N.uasset" 229
"../../../Engine/Content/EngineMaterials/WorldGridMaterial.uasset" 230
"../../../Engine/Content/ArtTools/RenderToTexture/Meshes/S_1_Unit_Plane.uasset" 231
"../../../Engine/Content/EngineMaterials/DefaultMaterial.uasset" 232
"../../../Engine/Content/BasicShapes/Cone.uasset" 233
"../../../Engine/Content/BasicShapes/Cube.uasset" 234
"../../../Engine/Content/BasicShapes/Cylinder.uasset" 235
"../../../Engine/Content/BasicShapes/Plane.uasset" 236
"../../../Engine/Content/BasicShapes/Sphere.uasset" 237
"../../../Engine/Content/EditorLandscapeResources/DataLayer.uasset" 238
"../../../Engine/Content/EditorMaterials/MAT_Groups_Toggle.uasset" 239
"../../../Engine/Content/EditorMaterials/MAT_Groups_Visibility.uasset" 240
"../../../Engine/Content/EditorMaterials/PreviewShadowIndicator.uasset" 241
"../../../Engine/Content/EditorMaterials/PreviewShadowIndicatorMaterial.uasset" 242
"../../../Engine/Content/EditorMaterials/MatineeGroups/MAT_ColorTrack.uasset" 243
"../../../Engine/Content/EditorMaterials/MatineeGroups/MAT_Groups_Anim.uasset" 244
"../../../Engine/Content/EditorMaterials/MatineeGroups/MAT_Groups_AudioMaster.uasset" 245
"../../../Engine/Content/EditorMaterials/MatineeGroups/MAT_Groups_Director.uasset" 246
"../../../Engine/Content/EditorMaterials/MatineeGroups/MAT_Groups_Event.uasset" 247
"../../../Engine/Content/EditorMaterials/MatineeGroups/MAT_Groups_Fade.uasset" 248
"../../../Engine/Content/EditorMaterials/MatineeGroups/MAT_Groups_Float.uasset" 249
"../../../Engine/Content/EditorMaterials/MatineeGroups/MAT_Groups_Move.uasset" 250
"../../../Engine/Content/EditorMaterials/MatineeGroups/MAT_Groups_Slomo.uasset" 251
"../../../Engine/Content/EditorMaterials/MatineeGroups/MAT_Groups_Sound.uasset" 252
"../../../Engine/Content/EditorMaterials/MatineeGroups/MAT_Groups_Vector.uasset" 253
"../../../Engine/Content/EditorMaterials/ParticleSystems/PSysThumbnail_NoImage.uasset" 254
"../../../Engine/Content/EditorMaterials/ParticleSystems/PSysThumbnail_OOD.uasset" 255
"../../../Engine/Content/EditorMaterials/Camera/CineMat.uasset" 256
"../../../Engine/Content/EditorMaterials/Camera/MI_CineMat_Rig.uasset" 257
"../../../Engine/Content/EditorMeshes/Camera/SM_CraneRig_Arm.uasset" 258
"../../../Engine/Content/EditorMeshes/Camera/SM_CraneRig_Base.uasset" 259
"../../../Engine/Content/EditorMeshes/Camera/SM_CraneRig_Body.uasset" 260
"../../../Engine/Content/EditorMeshes/Camera/SM_CraneRig_Mount.uasset" 261
"../../../Engine/Content/EditorMeshes/Camera/SM_RailRig_Mount.uasset" 262
"../../../Engine/Content/EditorMeshes/Camera/SM_RailRig_Track.uasset" 263
"../../../Engine/Content/EditorResources/BSPVertex.uasset" 264
"../../../Engine/Content/EditorResources/EmptyActor.uasset" 265
"../../../Engine/Content/EditorResources/S_Actor.uasset" 266
"../../../Engine/Content/EditorResources/S_Note.uasset" 267
"../../../Engine/Content/EditorResources/S_Solver.uasset" 268
"../../../Engine/Content/EditorResources/S_Trigger.uasset" 269
"../../../Engine/Content/EditorResources/AudioIcons/S_AudioComponent.uasset" 270
"../../../Engine/Content/EditorResources/AudioIcons/S_AudioComponent_AutoActivate.uasset" 271
"../../../Engine/Content/EditorResources/LightIcons/S_LightError.uasset" 272
"../../../Engine/Content/EditorResources/SequenceRecorder/Countdown.uasset" 273
"../../../Engine/Content/EditorResources/SequenceRecorder/RecordingIndicator.uasset" 274
"../../../Engine/Content/EditorSounds/Notifications/CompileFailed.uasset" 275
"../../../Engine/Content/EditorSounds/Notifications/CompileFailed_Cue.uasset" 276
"../../../Engine/Content/EditorSounds/Notifications/CompileSuccess.uasset" 277
"../../../Engine/Content/EditorSounds/Notifications/CompileStart_Cue.uasset" 278
"../../../Engine/Content/EditorSounds/Notifications/CompileSuccess_Cue.uasset" 279
"../../../Engine/Content/EngineDamageTypes/DmgTypeBP_Environmental.uasset" 280
"../../../Engine/Content/EngineDebugMaterials/DebugEditorMaterial.uasset" 281
"../../../Engine/Content/EngineDebugMaterials/DebugMeshMaterial.uasset" 282
"../../../Engine/Content/EngineDebugMaterials/M_SimpleUnlitTranslucent.uasset" 283
"../../../Engine/Content/Functions/Engine_MaterialFunctions02/Utility/CameraDirectionVector.uasset" 284
"../../../Engine/Content/EngineDebugMaterials/VolumeToRender.uasset" 285
"../../../Engine/Content/EngineDebugMaterials/M_VolumeRenderSphereTracePP.uasset" 286
"../../../Engine/Content/EngineDebugMaterials/WireframeMaterial.uasset" 287
"../../../Engine/Content/EngineFonts/Faces/DroidSansFallback.uasset" 288
"../../../Engine/Content/EngineFonts/Faces/RobotoBold.uasset" 289
"../../../Engine/Content/EngineFonts/Faces/RobotoBoldItalic.uasset" 290
"../../../Engine/Content/EngineFonts/Faces/RobotoItalic.uasset" 291
"../../../Engine/Content/EngineFonts/Faces/RobotoLight.uasset" 292
"../../../Engine/Content/EngineFonts/Faces/RobotoRegular.uasset" 293
"../../../Engine/Content/EngineFonts/Roboto.uasset" 294
"../../../Engine/Content/EngineMaterials/BaseFlattenDiffuseMap.uasset" 295
"../../../Engine/Content/EngineMaterials/BaseFlattenEmissiveMap.uasset" 296
"../../../Engine/Content/EngineMaterials/BaseFlattenGrayscaleMap.uasset" 297
"../../../Engine/Content/EngineMaterials/BaseFlattenNormalMap.uasset" 298
"../../../Engine/Content/EngineMaterials/BaseFlattenMaterial.uasset" 299
"../../../Engine/Content/EngineMaterials/BlueNoise.uasset" 300
"../../../Engine/Content/EngineMaterials/DefaultBloomKernel.uasset" 301
"../../../Engine/Content/EngineMaterials/DefaultBokeh.uasset" 302
"../../../Engine/Content/EngineMaterials/DefaultDiffuse.uasset" 303
"../../../Engine/Content/EngineMaterials/DefaultDeferredDecalMaterial.uasset" 304
"../../../Engine/Content/EngineMaterials/DefaultLightFunctionMaterial.uasset" 305
"../../../Engine/Content/Functions/Engine_MaterialFunctions02/Utility/BreakOutFloat2Components.uasset" 306
"../../../Engine/Content/EngineMaterials/DefaultPostProcessMaterial.uasset" 307
"../../../Engine/Content/EngineFonts/RobotoDistanceField.uasset" 308
"../../../Engine/Content/EngineMaterials/DefaultTextMaterialOpaque.uasset" 309
"../../../Engine/Content/EngineMaterials/DefaultWhiteGrid.uasset" 310
"../../../Engine/Content/EngineMaterials/DefaultWhiteGrid_Low.uasset" 311
"../../../Engine/Content/EngineMaterials/EmissiveMeshMaterial.uasset" 312
"../../../Engine/Content/EngineMaterials/GizmoMaterial.uasset" 313
"../../../Engine/Content/EngineMaterials/Good64x64TilingNoiseHighFreq.uasset" 314
"../../../Engine/Content/EngineMaterials/MiniFont.uasset" 315
"../../../Engine/Content/EngineMaterials/InvalidLightmapSettings.uasset" 316
"../../../Engine/Content/EngineMaterials/M_InvalidLightmapSettings.uasset" 317
"../../../Engine/Content/Functions/Engine_MaterialFunctions02/WorldPositionOffset/CameraOffset.uasset" 318
"../../../Engine/Content/EngineMaterials/PhAT_JointLimitMaterial.uasset" 319
"../../../Engine/Content/EngineMaterials/PreintegratedSkinBRDF.uasset" 320
"../../../Engine/Content/EngineMaterials/RemoveSurfaceMaterial.uasset" 321
"../../../Engine/Content/EngineMaterials/WeightMapPlaceholderTexture.uasset" 322
"../../../Engine/Content/EngineResources/WhiteSquareTexture.uasset" 323
"../../../Engine/Content/EngineMaterials/Widget3DPassThrough.uasset" 324
"../../../Engine/Content/EngineMaterials/Widget3DPassThrough_Masked.uasset" 325
"../../../Engine/Content/EngineMaterials/Widget3DPassThrough_Opaque.uasset" 326
"../../../Engine/Content/EngineMaterials/Widget3DPassThrough_Masked_OneSided.uasset" 327
"../../../Engine/Content/EngineMaterials/Widget3DPassThrough_Opaque_OneSided.uasset" 328
"../../../Engine/Content/EngineMaterials/Widget3DPassThrough_Translucent.uasset" 329
"../../../Engine/Content/EngineMaterials/Widget3DPassThrough_Translucent_OneSided.uasset" 330
"../../../Engine/Content/EngineMeshes/Cylinder.uasset" 331
"../../../Engine/Content/EngineMeshes/Sphere.uasset" 332
"../../../Engine/Content/EngineResources/Black.uasset" 333
"../../../Engine/Content/EngineResources/DefaultTexture.uasset" 334
"../../../Engine/Content/EngineResources/DefaultTextureCube.uasset" 335
"../../../Engine/Content/EngineResources/DefaultVolumeTexture2D.uasset" 336
"../../../Engine/Content/EngineResources/DefaultVolumeTexture.uasset" 337
"../../../Engine/Content/EngineResources/GradientTexture0.uasset" 338
"../../../Engine/Content/EngineSounds/Master.uasset" 339
"../../../Engine/Content/Functions/Engine_MaterialFunctions01/Shading/ConvertFromDiffSpec.uasset" 340
"../../../Engine/Content/Functions/Engine_MaterialFunctions01/Shading/PowerToRoughness.uasset" 341
"../../../Engine/Content/Maps/Templates/Thumbnails/Default.uasset" 342
"../../../Engine/Content/Maps/Templates/Thumbnails/TimeOfDay.uasset" 343
"../../../Engine/Content/Maps/Templates/Thumbnails/VR-Basic.uasset" 344
"../../../Engine/Content/MobileResources/T_MobileControls_texture.uasset" 345
"../../../Engine/Content/MobileResources/T_MobileMenu2.uasset" 346
"../../../Engine/Content/MobileResources/HUD/AnalogHat.uasset" 347
"../../../Engine/Content/MobileResources/HUD/VirtualJoystick_Background.uasset" 348
"../../../Engine/Content/MobileResources/HUD/VirtualJoystick_Thumb.uasset" 349
"../../../Engine/Content/MobileResources/HUD/DefaultVirtualJoysticks.uasset" 350
"../../../Engine/Content/MobileResources/HUD/LeftVirtualJoystickOnly.uasset" 351
"../../../Engine/Content/MobileResources/HUD/MobileHUDButton1_off.uasset" 352
"../../../Engine/Content/MobileResources/HUD/MobileHUDButton1_on.uasset" 353
"../../../Engine/Content/MobileResources/HUD/MobileHUDButton2_off.uasset" 354
"../../../Engine/Content/MobileResources/HUD/MobileHUDButton2_on.uasset" 355
"../../../Engine/Content/MobileResources/HUD/MobileHUDButton3.uasset" 356
"../../../Engine/Content/MobileResources/HUD/MobileHUDButtonFire.uasset" 357
"../../../Engine/Content/MobileResources/HUD/MobileHUDDirectionPad.uasset" 358
"../../../Engine/Content/MobileResources/HUD/MobileHUDDirectionPad2.uasset" 359
"../../../Engine/Content/MobileResources/HUD/MobileHUDDirectionPad3.uasset" 360
"../../../Engine/Content/MobileResources/HUD/MobileHUDDirectionStick.uasset" 361
"../../../Engine/Content/MobileResources/HUD/T_Castle_ThumbstickInner.uasset" 362
"../../../Engine/Content/MobileResources/HUD/T_Castle_ThumbstickOutter.uasset" 363
"../../../Engine/Content/Tutorial/ContentIntroCurve.uasset" 364
"../../../Engine/Content/Tutorial/Basics/LevelEditorAttract.uasset" 365
"../../../Engine/Content/Tutorial/Basics/TutorialAssets/icon_tab_Levels_40x.uasset" 366
"../../../Engine/Content/Tutorial/Basics/LevelEditorOverview.uasset" 367
"../../../Engine/Content/Tutorial/BlueprintTutorials/TutorialAssets/Blueprint_64x.uasset" 368
"../../../Engine/Content/Tutorial/BlueprintTutorials/BlueprintEditorTutorial.uasset" 369
"../../../Engine/Content/Tutorial/Code/AddingCode.uasset" 370
"../../../Engine/Content/VREditor/LaserPointer/VR_LaserPower_01.uasset" 371
"../../../Engine/Content/VREditor/TransformGizmo/TransformGizmoMaterial.uasset" 372
"../../../Engine/Content/VREditor/TransformGizmo/TranslucentTransformGizmoMaterial.uasset" 373
"../../../Engine/Content/VREditor/TransformGizmo/BoundingBoxCorner.uasset" 374
"../../../Engine/Content/VREditor/TransformGizmo/BoundingBoxEdge.uasset" 375
"../../../Engine/Content/VREditor/TransformGizmo/PlaneTranslationHandle.uasset" 376
"../../../Engine/Content/VREditor/TransformGizmo/Main.uasset" 377
"../../../Engine/Content/VREditor/TransformGizmo/Xray.uasset" 378
"../../../Engine/Content/VREditor/TransformGizmo/SM_Sequencer_Key.uasset" 379
"../../../Engine/Content/VREditor/TransformGizmo/SM_Sequencer_Node.uasset" 380
"../../Plugins/2D/Paper2D/Content/PlaceholderTextures/DummySpriteTexture.uasset" 381
"../../Plugins/2D/Paper2D/Content/DummySprite.uasset" 382
"../../Plugins/2D/Paper2D/Content/DefaultPaperTerrainMaterial.uasset" 383
"../../Plugins/2D/Paper2D/Content/DefaultSpriteMaterial.uasset" 384
"../../Plugins/2D/Paper2D/Content/MaskedUnlitSpriteMaterial.uasset" 385
"../../Plugins/2D/Paper2D/Content/OpaqueUnlitSpriteMaterial.uasset" 386
"../../Plugins/FX/Niagara/Content/Enums/ENiagaraBooleanLogicOps.uasset" 387
"../../Plugins/FX/Niagara/Content/Enums/ENiagaraCoordinateSpace.uasset" 388
"../../Plugins/FX/Niagara/Content/Enums/ENiagaraExpansionMode.uasset" 389
"../../Plugins/FX/Niagara/Content/Enums/ENiagaraOrientationAxis.uasset" 390
"../../Plugins/FX/Niagara/Content/Enums/ENiagaraRandomnessMode.uasset" 391
"../../../Engine/Content/Functions/Engine_MaterialFunctions02/Utility/BreakOutFloat4Components.uasset" 392
"../../../Engine/Content/Functions/Engine_MaterialFunctions02/Utility/MakeFloat2.uasset" 393
"../../../Engine/Content/Functions/Engine_MaterialFunctions02/Utility/MakeFloat3.uasset" 394
"../../Plugins/Runtime/Oculus/OculusVR/Content/Materials/OculusMR_ChromaKey.uasset" 395
"../../Plugins/Runtime/Oculus/OculusVR/Content/Materials/OculusMR_ChromaKey_Lit.uasset" 396
"../../Plugins/Runtime/Oculus/OculusVR/Content/Materials/OculusMR_OpaqueColoredMaterial.uasset" 397
"../../Plugins/Runtime/Oculus/OculusVR/Content/Materials/OculusMR_WhiteMaterial.uasset" 398
"../../../../../../Users/Nandita/Documents/Unreal Projects/FPSPrototype/Content/AnimStarterPack/Crouch_Idle_Rifle_Ironsights.uasset" 399
"../../../../../../Users/Nandita/Documents/Unreal Projects/FPSPrototype/Content/AnimStarterPack/Crouch_Walk_Fwd_Rifle_Ironsights.uasset" 400
"../../../../../../Users/Nandita/Documents/Unreal Projects/FPSPrototype/Content/AnimStarterPack/Equip_Pistol_Standing.uasset" 401
"../../../../../../Users/Nandita/Documents/Unreal Projects/FPSPrototype/Content/AnimStarterPack/Fire_Rifle_Ironsights.uasset" 402
"../../../../../../Users/Nandita/Documents/Unreal Projects/FPSPrototype/Content/AnimStarterPack/Hit_React_1.uasset" 403
"../../../../../../Users/Nandita/Documents/Unreal Projects/FPSPrototype/Content/AnimStarterPack/Hit_React_2.uasset" 404
"../../../../../../Users/Nandita/Documents/Unreal Projects/FPSPrototype/Content/AnimStarterPack/Hit_React_3.uasset" 405
"../../../../../../Users/Nandita/Documents/Unreal Projects/FPSPrototype/Content/AnimStarterPack/Idle_Rifle_Hip_Break1.uasset" 406
"../../../../../../Users/Nandita/Documents/Unreal Projects/FPSPrototype/Content/AnimStarterPack/Idle_Rifle_Hip_Break2.uasset" 407
"../../../../../../Users/Nandita/Documents/Unreal Projects/FPSPrototype/Content/AnimStarterPack/Reload_Rifle_Hip.uasset" 408
"../../../../../../Users/Nandita/Documents/Unreal Projects/FPSPrototype/Content/AnimStarterPack/Walk_Fwd_Rifle_Ironsights.uasset" 409
"../../../Engine/Content/EngineSky/C_Sky_Cloud_Color.uasset" 410
"../../../Engine/Content/EngineSky/C_Sky_Horizon_Color.uasset" 411
"../../../Engine/Content/EngineSky/C_Sky_Zenith_Color.uasset" 412
"../../../Engine/Content/EngineSky/T_Sky_Blue.uasset" 413
"../../../Engine/Content/EngineSky/T_Sky_Clouds_M.uasset" 414
"../../../Engine/Content/EngineSky/T_Sky_Stars.uasset" 415
"../../../Engine/Content/EngineSky/M_Sky_Panning_Clouds2.uasset" 416
"../../../Engine/Content/EngineSky/SM_SkySphere.uasset" 417
"../../../Engine/Content/EngineSky/BP_Sky_Sphere.uasset" 418
"../../../Engine/Content/TemplateResources/M_Template_Master.uasset" 419
"../../../Engine/Content/TemplateResources/MI_Template_BaseGray_03_Metal.uasset" 420
"../../../../../../Users/Nandita/Documents/Unreal Projects/FPSPrototype/Content/AnimStarterPack/Showcase.umap" 421
"../../../../../../Users/Nandita/Documents/Unreal Projects/FPSPrototype/Content/FirstPersonBP/Maps/FirstPersonExampleMap_BuiltData.uasset" 422
"../../../../../../Users/Nandita/Documents/Unreal Projects/FPSPrototype/Content/StarterContent/Textures/T_Ground_Grass_D.uasset" 423
"../../../../../../Users/Nandita/Documents/Unreal Projects/FPSPrototype/Content/StarterContent/Textures/T_Ground_Grass_N.uasset" 424
"../../../../../../Users/Nandita/Documents/Unreal Projects/FPSPrototype/Content/StarterContent/Textures/T_MacroVariation.uasset" 425
"../../../../../../Users/Nandita/Documents/Unreal Projects/FPSPrototype/Content/StarterContent/Textures/T_Perlin_Noise_M.uasset" 426
"../../../../../../Users/Nandita/Documents/Unreal Projects/FPSPrototype/Content/StarterContent/Materials/M_Ground_Grass.uasset" 427
"../../../../../../Users/Nandita/Documents/Unreal Projects/FPSPrototype/Content/FirstPerson/Meshes/CubeMaterialOverride.uasset" 428
"../../../Engine/Content/EngineMaterials/DefaultPhysicalMaterial.uasset" 429
"../../../../../../Users/Nandita/Documents/Unreal Projects/FPSPrototype/Content/Geometry/Meshes/1M_Cube.uasset" 430
"../../../../../../Users/Nandita/Documents/Unreal Projects/FPSPrototype/Content/FirstPersonBP/Maps/FirstPersonExampleMap.umap" 431
"../../../../../../Users/Nandita/Documents/Unreal Projects/FPSPrototype/Content/StarterContent/Particles/Materials/M_Radial_Gradient.uasset" 432
"../../../../../../Users/Nandita/Documents/Unreal Projects/FPSPrototype/Content/StarterContent/Textures/T_Spark_Core.uasset" 433
"../../../../../../Users/Nandita/Documents/Unreal Projects/FPSPrototype/Content/StarterContent/Particles/Materials/M_Spark.uasset" 434
"../../../../../../Users/Nandita/Documents/Unreal Projects/FPSPrototype/Content/StarterContent/Particles/P_Sparks.uasset" 435
"../../../../../../Users/Nandita/Documents/Unreal Projects/FPSPrototype/Content/FPSGame/Player/PickUp.uasset" 436
"../../../../../../Users/Nandita/Documents/Unreal Projects/FPSPrototype/Content/FPSGame/Map/GameLevel_BuiltData.uasset" 437
"../../../../../../Users/Nandita/Documents/Unreal Projects/FPSPrototype/Content/StarterContent/Particles/P_Steam_Lit.uasset" 438
"../../../../../../Users/Nandita/Documents/Unreal Projects/FPSPrototype/Content/FPSGame/Map/GameLevel.umap" 439
"../../../../../../Users/Nandita/Documents/Unreal Projects/FPSPrototype/Content/StarterContent/Blueprints/Assets/FogBrightnessLUT.uasset" 440
"../../../../../../Users/Nandita/Documents/Unreal Projects/FPSPrototype/Content/StarterContent/Blueprints/Assets/SunlightColorLUT.uasset" 441
"../../../../../../Users/Nandita/Documents/Unreal Projects/FPSPrototype/Content/StarterContent/Blueprints/Assets/M_LightStage_Arrows.uasset" 442
"../../../Engine/Content/MapTemplates/Sky/DaylightAmbientCubemap.uasset" 443
"../../../../../../Users/Nandita/Documents/Unreal Projects/FPSPrototype/Content/StarterContent/Blueprints/Assets/M_LightStage_Skybox_Master.uasset" 444
"../../../../../../Users/Nandita/Documents/Unreal Projects/FPSPrototype/Content/StarterContent/Blueprints/Assets/M_LightStage_Skybox_Black.uasset" 445
"../../../../../../Users/Nandita/Documents/Unreal Projects/FPSPrototype/Content/StarterContent/Blueprints/Assets/M_LightStage_Skybox_HDRI.uasset" 446
"../../../Engine/Content/EditorMaterials/Thumbnails/SkySphereMaterial.uasset" 447
"../../../../../../Users/Nandita/Documents/Unreal Projects/FPSPrototype/Content/StarterContent/Blueprints/Assets/Skybox.uasset" 448
"../../../../../../Users/Nandita/Documents/Unreal Projects/FPSPrototype/Content/StarterContent/Blueprints/Assets/SM_Arrows.uasset" 449
"../../../../../../Users/Nandita/Documents/Unreal Projects/FPSPrototype/Content/StarterContent/HDRI/HDRI_Epic_Courtyard_Daylight.uasset" 450
"../../../../../../Users/Nandita/Documents/Unreal Projects/FPSPrototype/Content/StarterContent/Blueprints/BP_LightStudio.uasset" 451
"../../../../../../Users/Nandita/Documents/Unreal Projects/FPSPrototype/Content/StarterContent/Maps/Advanced_Lighting_BuiltData.uasset" 452
"../../../../../../Users/Nandita/Documents/Unreal Projects/FPSPrototype/Content/StarterContent/Materials/M_AssetPlatform.uasset" 453
"../../../Engine/Content/EditorMeshes/ColorCalibrator/M_ChromeBall.uasset" 454
"../../../Engine/Content/EditorMeshes/ColorCalibrator/M_ClearCoat.uasset" 455
"../../../Engine/Content/EditorMeshes/ColorCalibrator/M_ClearCoatBlack.uasset" 456
"../../../Engine/Content/EditorMeshes/ColorCalibrator/Color_checker.uasset" 457
"../../../Engine/Content/EditorMeshes/ColorCalibrator/M_ColorGrid.uasset" 458
"../../../Engine/Content/EditorMeshes/ColorCalibrator/M_GreyBall.uasset" 459
"../../../Engine/Content/EditorMeshes/ColorCalibrator/SM_ColorCalibrator.uasset" 460
"../../../../../../Users/Nandita/Documents/Unreal Projects/FPSPrototype/Content/StarterContent/Architecture/SM_AssetPlatform.uasset" 461
"../../../../../../Users/Nandita/Documents/Unreal Projects/FPSPrototype/Content/StarterContent/Maps/Advanced_Lighting.umap" 462
"../../../../../../Users/Nandita/Documents/Unreal Projects/FPSPrototype/Content/StarterContent/Maps/Minimal_Default_BuiltData.uasset" 463
"../../../../../../Users/Nandita/Documents/Unreal Projects/FPSPrototype/Content/StarterContent/Materials/M_Metal_Brushed_Nickel.uasset" 464
"../../../../../../Users/Nandita/Documents/Unreal Projects/FPSPrototype/Content/StarterContent/Textures/T_Metal_Aluminum_D.uasset" 465
"../../../../../../Users/Nandita/Documents/Unreal Projects/FPSPrototype/Content/StarterContent/Materials/M_Metal_Burnished_Steel.uasset" 466
"../../../../../../Users/Nandita/Documents/Unreal Projects/FPSPrototype/Content/StarterContent/Textures/T_Metal_Copper_D.uasset" 467
"../../../../../../Users/Nandita/Documents/Unreal Projects/FPSPrototype/Content/StarterContent/Materials/M_Metal_Copper.uasset" 468
"../../../../../../Users/Nandita/Documents/Unreal Projects/FPSPrototype/Content/StarterContent/Textures/T_Statue_M.uasset" 469
"../../../../../../Users/Nandita/Documents/Unreal Projects/FPSPrototype/Content/StarterContent/Textures/T_Statue_N.uasset" 470
"../../../../../../Users/Nandita/Documents/Unreal Projects/FPSPrototype/Content/StarterContent/Props/Materials/M_StatueGlass.uasset" 471
"../../../../../../Users/Nandita/Documents/Unreal Projects/FPSPrototype/Content/StarterContent/Architecture/Floor_400x400.uasset" 472
"../../../../../../Users/Nandita/Documents/Unreal Projects/FPSPrototype/Content/StarterContent/Audio/Starter_Background_Cue.uasset" 473
"../../../../../../Users/Nandita/Documents/Unreal Projects/FPSPrototype/Content/StarterContent/Props/SM_Chair.uasset" 474
"../../../../../../Users/Nandita/Documents/Unreal Projects/FPSPrototype/Content/StarterContent/Props/Materials/M_Statue.uasset" 475
"../../../../../../Users/Nandita/Documents/Unreal Projects/FPSPrototype/Content/StarterContent/Props/SM_Statue.uasset" 476
"../../../../../../Users/Nandita/Documents/Unreal Projects/FPSPrototype/Content/StarterContent/Textures/T_TableRound_M.uasset" 477
"../../../../../../Users/Nandita/Documents/Unreal Projects/FPSPrototype/Content/StarterContent/Textures/T_TableRound_N.uasset" 478
"../../../../../../Users/Nandita/Documents/Unreal Projects/FPSPrototype/Content/StarterContent/Props/Materials/M_TableRound.uasset" 479
"../../../../../../Users/Nandita/Documents/Unreal Projects/FPSPrototype/Content/StarterContent/Props/SM_TableRound.uasset" 480
"../../../../../../Users/Nandita/Documents/Unreal Projects/FPSPrototype/Content/StarterContent/Maps/Minimal_Default.umap" 481
"../../../../../../Users/Nandita/Documents/Unreal Projects/FPSPrototype/Content/StarterContent/Audio/Fire01_Cue.uasset" 482
"../../../../../../Users/Nandita/Documents/Unreal Projects/FPSPrototype/Content/StarterContent/Textures/T_Fire_SubUV.uasset" 483
"../../../../../../Users/Nandita/Documents/Unreal Projects/FPSPrototype/Content/StarterContent/Textures/T_Fire_Tiled_D.uasset" 484
"../../../../../../Users/Nandita/Documents/Unreal Projects/FPSPrototype/Content/StarterContent/Particles/Materials/M_Fire_SubUV.uasset" 485
"../../../../../../Users/Nandita/Documents/Unreal Projects/FPSPrototype/Content/StarterContent/Textures/T_Water_N.uasset" 486
"../../../../../../Users/Nandita/Documents/Unreal Projects/FPSPrototype/Content/StarterContent/Particles/Materials/M_Heat_Distortion.uasset" 487
"../../../../../../Users/Nandita/Documents/Unreal Projects/FPSPrototype/Content/StarterContent/Particles/P_Fire.uasset" 488
"../../../../../../Users/Nandita/Documents/Unreal Projects/FPSPrototype/Content/StarterContent/Blueprints/Blueprint_Effect_Fire.uasset" 489
"../../../../../../Users/Nandita/Documents/Unreal Projects/FPSPrototype/Content/StarterContent/Audio/Smoke01_Cue.uasset" 490
"../../../../../../Users/Nandita/Documents/Unreal Projects/FPSPrototype/Content/StarterContent/Particles/P_Smoke.uasset" 491
"../../../../../../Users/Nandita/Documents/Unreal Projects/FPSPrototype/Content/StarterContent/Blueprints/Blueprint_Effect_Smoke.uasset" 492
"../../../../../../Users/Nandita/Documents/Unreal Projects/FPSPrototype/Content/StarterContent/Audio/Fire_Sparks01_Cue.uasset" 493
"../../../../../../Users/Nandita/Documents/Unreal Projects/FPSPrototype/Content/StarterContent/Blueprints/Blueprint_Effect_Sparks.uasset" 494
"../../../../../../Users/Nandita/Documents/Unreal Projects/FPSPrototype/Content/StarterContent/Audio/Steam01_Cue.uasset" 495
"../../../../../../Users/Nandita/Documents/Unreal Projects/FPSPrototype/Content/StarterContent/Blueprints/Blueprint_Effect_Steam.uasset" 496
"../../../../../../Users/Nandita/Documents/Unreal Projects/FPSPrototype/Content/StarterContent/Textures/T_Lamp_M.uasset" 497
"../../../../../../Users/Nandita/Documents/Unreal Projects/FPSPrototype/Content/StarterContent/Textures/T_Lamp_N.uasset" 498
"../../../../../../Users/Nandita/Documents/Unreal Projects/FPSPrototype/Content/StarterContent/Props/Materials/M_Lamp.uasset" 499
"../../../../../../Users/Nandita/Documents/Unreal Projects/FPSPrototype/Content/StarterContent/Props/SM_Lamp_Ceiling.uasset" 500
"../../../../../../Users/Nandita/Documents/Unreal Projects/FPSPrototype/Content/StarterContent/Blueprints/Blueprint_CeilingLight.uasset" 501
"../../../../../../Users/Nandita/Documents/Unreal Projects/FPSPrototype/Content/StarterContent/Props/SM_Lamp_Wall.uasset" 502
"../../../../../../Users/Nandita/Documents/Unreal Projects/FPSPrototype/Content/StarterContent/Blueprints/Blueprint_WallSconce.uasset" 503
"../../../../../../Users/Nandita/Documents/Unreal Projects/FPSPrototype/Content/StarterContent/Maps/StarterMap_BuiltData.uasset" 504
"../../../Engine/Content/Functions/Engine_MaterialFunctions03/Procedurals/ComputeFilterWidth.uasset" 505
"../../../Engine/Content/EngineMaterials/AntiAliasedTextMaterialTranslucent.uasset" 506
"../../../../../../Users/Nandita/Documents/Unreal Projects/FPSPrototype/Content/StarterContent/Textures/T_Brick_Clay_Beveled_D.uasset" 507
"../../../../../../Users/Nandita/Documents/Unreal Projects/FPSPrototype/Content/StarterContent/Textures/T_Brick_Clay_Beveled_M.uasset" 508
"../../../../../../Users/Nandita/Documents/Unreal Projects/FPSPrototype/Content/StarterContent/Textures/T_Brick_Clay_Beveled_N.uasset" 509
"../../../../../../Users/Nandita/Documents/Unreal Projects/FPSPrototype/Content/StarterContent/Materials/M_Brick_Clay_Beveled.uasset" 510
"../../../../../../Users/Nandita/Documents/Unreal Projects/FPSPrototype/Content/StarterContent/Textures/T_Brick_Clay_New_D.uasset" 511
"../../../../../../Users/Nandita/Documents/Unreal Projects/FPSPrototype/Content/StarterContent/Textures/T_Brick_Clay_New_M.uasset" 512
"../../../../../../Users/Nandita/Documents/Unreal Projects/FPSPrototype/Content/StarterContent/Textures/T_Brick_Clay_New_N.uasset" 513
"../../../../../../Users/Nandita/Documents/Unreal Projects/FPSPrototype/Content/StarterContent/Materials/M_Brick_Clay_New.uasset" 514
"../../../../../../Users/Nandita/Documents/Unreal Projects/FPSPrototype/Content/StarterContent/Textures/T_Brick_Clay_Old_D.uasset" 515
"../../../../../../Users/Nandita/Documents/Unreal Projects/FPSPrototype/Content/StarterContent/Textures/T_Brick_Clay_Old_N.uasset" 516
"../../../../../../Users/Nandita/Documents/Unreal Projects/FPSPrototype/Content/StarterContent/Materials/M_Brick_Clay_Old.uasset" 517
"../../../../../../Users/Nandita/Documents/Unreal Projects/FPSPrototype/Content/StarterContent/Textures/T_Brick_Cut_Stone_D.uasset" 518
"../../../../../../Users/Nandita/Documents/Unreal Projects/FPSPrototype/Content/StarterContent/Textures/T_Brick_Cut_Stone_N.uasset" 519
"../../../../../../Users/Nandita/Documents/Unreal Projects/FPSPrototype/Content/StarterContent/Materials/M_Brick_Cut_Stone.uasset" 520
"../../../../../../Users/Nandita/Documents/Unreal Projects/FPSPrototype/Content/StarterContent/Textures/T_Brick_Hewn_Stone_D.uasset" 521
"../../../../../../Users/Nandita/Documents/Unreal Projects/FPSPrototype/Content/StarterContent/Textures/T_Brick_Hewn_Stone_M.uasset" 522
"../../../../../../Users/Nandita/Documents/Unreal Projects/FPSPrototype/Content/StarterContent/Textures/T_Brick_Hewn_Stone_N.uasset" 523
"../../../../../../Users/Nandita/Documents/Unreal Projects/FPSPrototype/Content/StarterContent/Materials/M_Brick_Hewn_Stone.uasset" 524
"../../../../../../Users/Nandita/Documents/Unreal Projects/FPSPrototype/Content/StarterContent/Textures/T_Ceramic_Tile_M.uasset" 525
"../../../../../../Users/Nandita/Documents/Unreal Projects/FPSPrototype/Content/StarterContent/Textures/T_Ceramic_Tile_N.uasset" 526
"../../../../../../Users/Nandita/Documents/Unreal Projects/FPSPrototype/Content/StarterContent/Textures/T_Rock_Marble_Polished_D.uasset" 527
"../../../../../../Users/Nandita/Documents/Unreal Projects/FPSPrototype/Content/StarterContent/Materials/M_Ceramic_Tile_Checker.uasset" 528
"../../../../../../Users/Nandita/Documents/Unreal Projects/FPSPrototype/Content/StarterContent/Textures/T_CobbleStone_Pebble_D.uasset" 529
"../../../../../../Users/Nandita/Documents/Unreal Projects/FPSPrototype/Content/StarterContent/Textures/T_CobbleStone_Pebble_M.uasset" 530
"../../../../../../Users/Nandita/Documents/Unreal Projects/FPSPrototype/Content/StarterContent/Textures/T_CobbleStone_Pebble_N.uasset" 531
"../../../../../../Users/Nandita/Documents/Unreal Projects/FPSPrototype/Content/StarterContent/Materials/M_CobbleStone_Pebble.uasset" 532
"../../../../../../Users/Nandita/Documents/Unreal Projects/FPSPrototype/Content/StarterContent/Textures/T_CobbleStone_Rough_D.uasset" 533
"../../../../../../Users/Nandita/Documents/Unreal Projects/FPSPrototype/Content/StarterContent/Textures/T_CobbleStone_Rough_N.uasset" 534
"../../../../../../Users/Nandita/Documents/Unreal Projects/FPSPrototype/Content/StarterContent/Textures/T_Gradinet_01.uasset" 535
"../../../../../../Users/Nandita/Documents/Unreal Projects/FPSPrototype/Content/StarterContent/Textures/T_Rock_Smooth_Granite_D.uasset" 536
"../../../../../../Users/Nandita/Documents/Unreal Projects/FPSPrototype/Content/StarterContent/Materials/M_CobbleStone_Rough.uasset" 537
"../../../../../../Users/Nandita/Documents/Unreal Projects/FPSPrototype/Content/StarterContent/Textures/T_CobbleStone_Smooth_D.uasset" 538
"../../../../../../Users/Nandita/Documents/Unreal Projects/FPSPrototype/Content/StarterContent/Textures/T_CobbleStone_Smooth_M.uasset" 539
"../../../../../../Users/Nandita/Documents/Unreal Projects/FPSPrototype/Content/StarterContent/Textures/T_CobbleStone_Smooth_N.uasset" 540
"../../../../../../Users/Nandita/Documents/Unreal Projects/FPSPrototype/Content/StarterContent/Materials/M_CobbleStone_Smooth.uasset" 541
"../../../../../../Users/Nandita/Documents/Unreal Projects/FPSPrototype/Content/StarterContent/Textures/T_Concrete_Grime_D.uasset" 542
"../../../../../../Users/Nandita/Documents/Unreal Projects/FPSPrototype/Content/StarterContent/Textures/T_Metal_Rust_N.uasset" 543
"../../../../../../Users/Nandita/Documents/Unreal Projects/FPSPrototype/Content/StarterContent/Materials/M_Concrete_Grime.uasset" 544
"../../../../../../Users/Nandita/Documents/Unreal Projects/FPSPrototype/Content/StarterContent/Textures/T_Concrete_Panels_D.uasset" 545
"../../../../../../Users/Nandita/Documents/Unreal Projects/FPSPrototype/Content/StarterContent/Textures/T_Concrete_Panels_N.uasset" 546
"../../../../../../Users/Nandita/Documents/Unreal Projects/FPSPrototype/Content/StarterContent/Materials/M_Concrete_Panels.uasset" 547
"../../../../../../Users/Nandita/Documents/Unreal Projects/FPSPrototype/Content/StarterContent/Textures/T_Concrete_Poured_D.uasset" 548
"../../../../../../Users/Nandita/Documents/Unreal Projects/FPSPrototype/Content/StarterContent/Textures/T_Concrete_Poured_N.uasset" 549
"../../../../../../Users/Nandita/Documents/Unreal Projects/FPSPrototype/Content/StarterContent/Materials/M_Concrete_Poured.uasset" 550
"../../../../../../Users/Nandita/Documents/Unreal Projects/FPSPrototype/Content/StarterContent/Textures/T_Concrete_Tiles_D.uasset" 551
"../../../../../../Users/Nandita/Documents/Unreal Projects/FPSPrototype/Content/StarterContent/Textures/T_Concrete_Tiles_M.uasset" 552
"../../../../../../Users/Nandita/Documents/Unreal Projects/FPSPrototype/Content/StarterContent/Textures/T_Concrete_Tiles_N.uasset" 553
"../../../../../../Users/Nandita/Documents/Unreal Projects/FPSPrototype/Content/StarterContent/Textures/T_Concrete_Tiles_Variation_M.uasset" 554
"../../../../../../Users/Nandita/Documents/Unreal Projects/FPSPrototype/Content/StarterContent/Materials/M_Concrete_Tiles.uasset" 555
"../../../../../../Users/Nandita/Documents/Unreal Projects/FPSPrototype/Content/StarterContent/Textures/T_Ground_Gravel_D.uasset" 556
"../../../../../../Users/Nandita/Documents/Unreal Projects/FPSPrototype/Content/StarterContent/Textures/T_Ground_Gravel_N.uasset" 557
"../../../../../../Users/Nandita/Documents/Unreal Projects/FPSPrototype/Content/StarterContent/Materials/M_Ground_Gravel.uasset" 558
"../../../../../../Users/Nandita/Documents/Unreal Projects/FPSPrototype/Content/StarterContent/Textures/T_ground_Moss_D.uasset" 559
"../../../../../../Users/Nandita/Documents/Unreal Projects/FPSPrototype/Content/StarterContent/Textures/T_Ground_Moss_N.uasset" 560
"../../../../../../Users/Nandita/Documents/Unreal Projects/FPSPrototype/Content/StarterContent/Materials/M_Ground_Moss.uasset" 561
"../../../../../../Users/Nandita/Documents/Unreal Projects/FPSPrototype/Content/StarterContent/Materials/M_Metal_Chrome.uasset" 562
"../../../../../../Users/Nandita/Documents/Unreal Projects/FPSPrototype/Content/StarterContent/Materials/M_Metal_Gold.uasset" 563
"../../../../../../Users/Nandita/Documents/Unreal Projects/FPSPrototype/Content/StarterContent/Textures/T_Metal_Rust_D.uasset" 564
"../../../../../../Users/Nandita/Documents/Unreal Projects/FPSPrototype/Content/StarterContent/Materials/M_Metal_Rust.uasset" 565
"../../../../../../Users/Nandita/Documents/Unreal Projects/FPSPrototype/Content/StarterContent/Textures/T_Metal_Steel_D.uasset" 566
"../../../../../../Users/Nandita/Documents/Unreal Projects/FPSPrototype/Content/StarterContent/Textures/T_Metal_Steel_N.uasset" 567
"../../../../../../Users/Nandita/Documents/Unreal Projects/FPSPrototype/Content/StarterContent/Materials/M_Metal_Steel.uasset" 568
"../../../../../../Users/Nandita/Documents/Unreal Projects/FPSPrototype/Content/StarterContent/Textures/T_Rock_Basalt_N.uasset" 569
"../../../../../../Users/Nandita/Documents/Unreal Projects/FPSPrototype/Content/StarterContent/Materials/M_Rock_Basalt.uasset" 570
"../../../../../../Users/Nandita/Documents/Unreal Projects/FPSPrototype/Content/StarterContent/Materials/M_Rock_Marble_Polished.uasset" 571
"../../../../../../Users/Nandita/Documents/Unreal Projects/FPSPrototype/Content/StarterContent/Textures/T_Rock_Sandstone_D.uasset" 572
"../../../../../../Users/Nandita/Documents/Unreal Projects/FPSPrototype/Content/StarterContent/Textures/T_Rock_Sandstone_N.uasset" 573
"../../../../../../Users/Nandita/Documents/Unreal Projects/FPSPrototype/Content/StarterContent/Materials/M_Rock_Sandstone.uasset" 574
"../../../../../../Users/Nandita/Documents/Unreal Projects/FPSPrototype/Content/StarterContent/Textures/T_Rock_Slate_D.uasset" 575
"../../../../../../Users/Nandita/Documents/Unreal Projects/FPSPrototype/Content/StarterContent/Textures/T_Rock_Slate_N.uasset" 576
"../../../../../../Users/Nandita/Documents/Unreal Projects/FPSPrototype/Content/StarterContent/Materials/M_Rock_Slate.uasset" 577
"../../../../../../Users/Nandita/Documents/Unreal Projects/FPSPrototype/Content/StarterContent/Textures/T_Checker_Noise_M.uasset" 578
"../../../../../../Users/Nandita/Documents/Unreal Projects/FPSPrototype/Content/StarterContent/Textures/T_Single_Tile_N.uasset" 579
"../../../../../../Users/Nandita/Documents/Unreal Projects/FPSPrototype/Content/StarterContent/Textures/T_Tech_Dot_M.uasset" 580
"../../../../../../Users/Nandita/Documents/Unreal Projects/FPSPrototype/Content/StarterContent/Textures/T_Tech_Dot_N.uasset" 581
"../../../../../../Users/Nandita/Documents/Unreal Projects/FPSPrototype/Content/StarterContent/Materials/M_Tech_Checker_Dot.uasset" 582
"../../../../../../Users/Nandita/Documents/Unreal Projects/FPSPrototype/Content/StarterContent/Textures/T_Tech_Hex_Tile_M.uasset" 583
"../../../../../../Users/Nandita/Documents/Unreal Projects/FPSPrototype/Content/StarterContent/Textures/T_Tech_Hex_Tile_N.uasset" 584
"../../../../../../Users/Nandita/Documents/Unreal Projects/FPSPrototype/Content/StarterContent/Materials/M_Tech_Hex_Tile.uasset" 585
"../../../../../../Users/Nandita/Documents/Unreal Projects/FPSPrototype/Content/StarterContent/Materials/M_Tech_Hex_Tile_Pulse.uasset" 586
"../../../../../../Users/Nandita/Documents/Unreal Projects/FPSPrototype/Content/StarterContent/Textures/T_Tech_Panel_M.uasset" 587
"../../../../../../Users/Nandita/Documents/Unreal Projects/FPSPrototype/Content/StarterContent/Textures/T_Tech_Panel_N.uasset" 588
"../../../../../../Users/Nandita/Documents/Unreal Projects/FPSPrototype/Content/StarterContent/Materials/M_Tech_Panel.uasset" 589
"../../../../../../Users/Nandita/Documents/Unreal Projects/FPSPrototype/Content/StarterContent/Materials/M_Water_Lake.uasset" 590
"../../../../../../Users/Nandita/Documents/Unreal Projects/FPSPrototype/Content/StarterContent/Textures/T_Water_M.uasset" 591
"../../../../../../Users/Nandita/Documents/Unreal Projects/FPSPrototype/Content/StarterContent/Materials/M_Water_Ocean.uasset" 592
"../../../../../../Users/Nandita/Documents/Unreal Projects/FPSPrototype/Content/StarterContent/Textures/T_Wood_Floor_Walnut_D.uasset" 593
"../../../../../../Users/Nandita/Documents/Unreal Projects/FPSPrototype/Content/StarterContent/Textures/T_Wood_Floor_Walnut_M.uasset" 594
"../../../../../../Users/Nandita/Documents/Unreal Projects/FPSPrototype/Content/StarterContent/Textures/T_Wood_Floor_Walnut_N.uasset" 595
"../../../../../../Users/Nandita/Documents/Unreal Projects/FPSPrototype/Content/StarterContent/Materials/M_Wood_Floor_Walnut_Polished.uasset" 596
"../../../Engine/Content/Functions/Engine_MaterialFunctions01/Opacity/AlphaOffset.uasset" 597
"../../../../../../Users/Nandita/Documents/Unreal Projects/FPSPrototype/Content/StarterContent/Materials/M_Wood_Floor_Walnut_Worn.uasset" 598
"../../../../../../Users/Nandita/Documents/Unreal Projects/FPSPrototype/Content/StarterContent/Textures/T_Wood_Oak_D.uasset" 599
"../../../../../../Users/Nandita/Documents/Unreal Projects/FPSPrototype/Content/StarterContent/Textures/T_Wood_Oak_N.uasset" 600
"../../../../../../Users/Nandita/Documents/Unreal Projects/FPSPrototype/Content/StarterContent/Materials/M_Wood_Oak.uasset" 601
"../../../../../../Users/Nandita/Documents/Unreal Projects/FPSPrototype/Content/StarterContent/Textures/T_Wood_Pine_D.uasset" 602
"../../../../../../Users/Nandita/Documents/Unreal Projects/FPSPrototype/Content/StarterContent/Textures/T_Wood_Pine_N.uasset" 603
"../../../../../../Users/Nandita/Documents/Unreal Projects/FPSPrototype/Content/StarterContent/Materials/M_Wood_Pine.uasset" 604
"../../../../../../Users/Nandita/Documents/Unreal Projects/FPSPrototype/Content/StarterContent/Textures/T_Wood_Walnut_D.uasset" 605
"../../../../../../Users/Nandita/Documents/Unreal Projects/FPSPrototype/Content/StarterContent/Textures/T_Wood_Walnut_N.uasset" 606
"../../../../../../Users/Nandita/Documents/Unreal Projects/FPSPrototype/Content/StarterContent/Materials/M_Wood_Walnut.uasset" 607
"../../../../../../Users/Nandita/Documents/Unreal Projects/FPSPrototype/Content/StarterContent/Architecture/Wall_400x200.uasset" 608
"../../../../../../Users/Nandita/Documents/Unreal Projects/FPSPrototype/Content/StarterContent/Architecture/Wall_Door_400x300.uasset" 609
"../../../../../../Users/Nandita/Documents/Unreal Projects/FPSPrototype/Content/StarterContent/Architecture/Wall_Window_400x300.uasset" 610
"../../../../../../Users/Nandita/Documents/Unreal Projects/FPSPrototype/Content/StarterContent/Audio/Collapse_Cue.uasset" 611
"../../../../../../Users/Nandita/Documents/Unreal Projects/FPSPrototype/Content/StarterContent/Audio/Starter_Music_Cue.uasset" 612
"../../../../../../Users/Nandita/Documents/Unreal Projects/FPSPrototype/Content/StarterContent/Textures/T_Dust_Particle_D.uasset" 613
"../../../../../../Users/Nandita/Documents/Unreal Projects/FPSPrototype/Content/StarterContent/Particles/Materials/M_Dust_Particle.uasset" 614
"../../../../../../Users/Nandita/Documents/Unreal Projects/FPSPrototype/Content/StarterContent/Particles/P_Ambient_Dust.uasset" 615
"../../../../../../Users/Nandita/Documents/Unreal Projects/FPSPrototype/Content/StarterContent/Props/MaterialSphere.uasset" 616
"../../../../../../Users/Nandita/Documents/Unreal Projects/FPSPrototype/Content/StarterContent/Textures/T_Frame_M.uasset" 617
"../../../../../../Users/Nandita/Documents/Unreal Projects/FPSPrototype/Content/StarterContent/Textures/T_Frame_N.uasset" 618
"../../../../../../Users/Nandita/Documents/Unreal Projects/FPSPrototype/Content/StarterContent/Props/Materials/M_Frame.uasset" 619
"../../../../../../Users/Nandita/Documents/Unreal Projects/FPSPrototype/Content/StarterContent/Props/SM_CornerFrame.uasset" 620
"../../../../../../Users/Nandita/Documents/Unreal Projects/FPSPrototype/Content/StarterContent/Props/SM_DoorFrame.uasset" 621
"../../../../../../Users/Nandita/Documents/Unreal Projects/FPSPrototype/Content/StarterContent/Props/SM_GlassWindow.uasset" 622
"../../../../../../Users/Nandita/Documents/Unreal Projects/FPSPrototype/Content/StarterContent/Props/SM_PillarFrame.uasset" 623
"../../../../../../Users/Nandita/Documents/Unreal Projects/FPSPrototype/Content/StarterContent/Props/SM_PillarFrame300.uasset" 624
"../../../../../../Users/Nandita/Documents/Unreal Projects/FPSPrototype/Content/StarterContent/Props/SM_WindowFrame.uasset" 625
"../../../../../../Users/Nandita/Documents/Unreal Projects/FPSPrototype/Content/StarterContent/Shapes/Shape_Cube.uasset" 626
"../../../../../../Users/Nandita/Documents/Unreal Projects/FPSPrototype/Content/StarterContent/Shapes/Shape_QuadPyramid.uasset" 627
"../../../../../../Users/Nandita/Documents/Unreal Projects/FPSPrototype/Content/StarterContent/Shapes/Shape_Sphere.uasset" 628
"../../../../../../Users/Nandita/Documents/Unreal Projects/FPSPrototype/Content/StarterContent/Maps/StarterMap.umap" 629
"../../../Engine/Content/Maps/Entry_BuiltData.uasset" 630
"../../../Engine/Content/Maps/Entry.umap" 631
